[INFO ] 2024-09-05 20:30:11.146 [main] NaitionalWhitelistApplication - Starting NaitionalWhitelistApplication using Java 11.0.22 on Radhays-MacBook-Pro.local with PID 96704 (/Users/radhayanand/goldilocks/target/classes started by radhayanand in /Users/radhayanand/goldilocks)
[INFO ] 2024-09-05 20:30:11.150 [main] NaitionalWhitelistApplication - The following 1 profile is active: "oracle"
[INFO ] 2024-09-05 20:31:21.195 [main] NaitionalWhitelistApplication - Starting NaitionalWhitelistApplication using Java 11.0.22 on Radhays-MacBook-Pro.local with PID 96857 (/Users/radhayanand/goldilocks/target/classes started by radhayanand in /Users/radhayanand/goldilocks)
[INFO ] 2024-09-05 20:31:21.196 [main] NaitionalWhitelistApplication - The following 1 profile is active: "mysql"
[INFO ] 2024-09-05 20:32:07.289 [main] NaitionalWhitelistApplication - Starting NaitionalWhitelistApplication using Java 11.0.22 on Radhays-MacBook-Pro.local with PID 96955 (/Users/radhayanand/goldilocks/target/classes started by radhayanand in /Users/radhayanand/goldilocks)
[INFO ] 2024-09-05 20:32:07.290 [main] NaitionalWhitelistApplication - The following 1 profile is active: "mysql"
[INFO ] 2024-09-05 20:33:35.716 [main] NaitionalWhitelistApplication - Starting NaitionalWhitelistApplication using Java 11.0.22 on Radhays-MacBook-Pro.local with PID 97142 (/Users/radhayanand/goldilocks/target/classes started by radhayanand in /Users/radhayanand/goldilocks)
[INFO ] 2024-09-05 20:33:35.718 [main] NaitionalWhitelistApplication - The following 1 profile is active: "mysql"
[INFO ] 2024-09-05 20:33:40.064 [main] NaitionalWhitelistApplication - Started NaitionalWhitelistApplication in 4.527 seconds (JVM running for 5.035)
[INFO ] 2024-09-05 20:33:40.186 [Thread-1] ValidateRules - Starting national whitelist process. Profile: app
[INFO ] 2024-09-05 20:33:44.948 [Thread-1] ValidateRules - Starting validation for 9752 active unique imei between startDate: 2023-11-08 13:19:10, endDate: 2023-11-09 13:19:10, pageNo: 0, totalPages: 1
[INFO ] 2024-09-05 20:42:33.653 [Thread-1] ValidateRules - ActiveUniqueImeis: Count National Whitelist=> 9752, Exception List=> 14
[ERROR] 2024-09-05 20:47:26.492 [Thread-1] ValidateRules - Exception: Raising alert1209 java.lang.NullPointerException
[INFO ] 2024-09-05 20:47:26.493 [Thread-1] ValidateRules - Process Completed
[INFO ] 2024-09-05 21:08:56.171 [main] NaitionalWhitelistApplicationTests - Starting NaitionalWhitelistApplicationTests using Java 11.0.22 on Radhays-MacBook-Pro.local with PID 2225 (started by radhayanand in /Users/radhayanand/goldilocks)
[INFO ] 2024-09-05 21:08:56.172 [main] NaitionalWhitelistApplicationTests - The following 1 profile is active: "mysql"
[INFO ] 2024-09-05 21:09:00.799 [main] NaitionalWhitelistApplicationTests - Started NaitionalWhitelistApplicationTests in 4.757 seconds (JVM running for 5.442)
[INFO ] 2024-09-05 22:21:55.992 [main] NaitionalWhitelistApplication - Starting NaitionalWhitelistApplication using Java 11.0.22 on Radhays-MacBook-Pro.local with PID 6883 (/Users/radhayanand/goldilocks/target/classes started by radhayanand in /Users/radhayanand/goldilocks)
[INFO ] 2024-09-05 22:21:55.994 [main] NaitionalWhitelistApplication - The following 1 profile is active: "mysql"
[INFO ] 2024-09-05 22:22:00.516 [main] NaitionalWhitelistApplication - Started NaitionalWhitelistApplication in 4.698 seconds (JVM running for 5.185)
[INFO ] 2024-09-05 22:22:00.621 [Thread-1] ValidateRules - Starting national whitelist process. Profile: app
[ERROR] 2024-09-05 22:26:08.954 [Thread-1] ValidateRules - Exception: Raising alert1209 org.springframework.beans.factory.BeanCreationNotAllowedException: Error creating bean with name 'appSysEntityManagerFactory': Singleton bean creation not allowed while singletons of this factory are in destruction (Do not request a bean from a BeanFactory in a destroy method implementation!)
[INFO ] 2024-09-05 22:26:13.101 [main] NaitionalWhitelistApplication - Starting NaitionalWhitelistApplication using Java 11.0.22 on Radhays-MacBook-Pro.local with PID 7418 (/Users/radhayanand/goldilocks/target/classes started by radhayanand in /Users/radhayanand/goldilocks)
[INFO ] 2024-09-05 22:26:13.103 [main] NaitionalWhitelistApplication - The following 1 profile is active: "mysql"
[INFO ] 2024-09-05 22:26:17.661 [main] NaitionalWhitelistApplication - Started NaitionalWhitelistApplication in 4.741 seconds (JVM running for 5.217)
[INFO ] 2024-09-05 22:26:17.766 [Thread-1] ValidateRules - Starting national whitelist process. Profile: app
[INFO ] 2024-09-05 22:26:22.257 [Thread-1] ValidateRules - Process Completed
[INFO ] 2024-09-05 22:30:52.982 [main] NaitionalWhitelistApplicationTests - Starting NaitionalWhitelistApplicationTests using Java 11.0.22 on Radhays-MacBook-Pro.local with PID 8021 (started by radhayanand in /Users/radhayanand/goldilocks)
[INFO ] 2024-09-05 22:30:52.982 [main] NaitionalWhitelistApplicationTests - The following 1 profile is active: "mysql"
[INFO ] 2024-09-05 22:30:57.663 [main] NaitionalWhitelistApplicationTests - Started NaitionalWhitelistApplicationTests in 4.796 seconds (JVM running for 5.585)
[INFO ] 2024-07-26 21:41:07.361 [main] NaitionalWhitelistApplicationTests - Starting NaitionalWhitelistApplicationTests using Java 11.0.22 on Radhays-MacBook-Pro.local with PID 13464 (started by radhayanand in /Users/radhayanand/goldilocks)
[INFO ] 2024-07-26 21:41:07.362 [main] NaitionalWhitelistApplicationTests - The following 1 profile is active: "mysql"
[INFO ] 2024-07-26 21:41:11.930 [main] NaitionalWhitelistApplicationTests - Started NaitionalWhitelistApplicationTests in 4.685 seconds (JVM running for 5.304)
[INFO ] 2024-07-29 00:38:56.665 [main] NaitionalWhitelistApplicationTests - Starting NaitionalWhitelistApplicationTests using Java 11.0.22 on Radhays-MacBook-Pro.local with PID 84827 (started by radhayanand in /Users/radhayanand/goldilocks)
[INFO ] 2024-07-29 00:38:56.666 [main] NaitionalWhitelistApplicationTests - The following 1 profile is active: "mysql"
[INFO ] 2024-07-29 00:39:04.179 [main] NaitionalWhitelistApplicationTests - Started NaitionalWhitelistApplicationTests in 7.638 seconds (JVM running for 8.248)
